<?xml version="1.0" encoding="UTF-8"?>
<testsuite xmlns:xsi="http://www.w3.org/2001/XMLSchema-instance" xsi:noNamespaceSchemaLocation="https://maven.apache.org/surefire/maven-surefire-plugin/xsd/surefire-test-report.xsd" name="com.jzx.blog.BlogApplicationTests" time="6.204" tests="13" errors="3" skipped="0" failures="0">
  <properties>
[...]
</properties>
  <testcase name="PageInfoList" classname="com.jzx.blog.BlogApplicationTests" time="0.268"/>
  <testcase name="finOne" classname="com.jzx.blog.BlogApplicationTests" time="0.07"/>
  <testcase name="finone" classname="com.jzx.blog.BlogApplicationTests" time="0.035">
    <error message="Unable to find com.jzx.blog.domain.Article with id 1" type="javax.persistence.EntityNotFoundException">javax.persistence.EntityNotFoundException: Unable to find com.jzx.blog.domain.Article with id 1
	at com.jzx.blog.BlogApplicationTests.finone(BlogApplicationTests.java:83)
</error>
    <system-out><![CDATA[2020-11-14 21:39:21.101 [main] INFO  test.context.transaction.TransactionContext - Began transaction (1) for test context [DefaultTestContext@42401b81 testClass = BlogApplicationTests, testInstance = com.jzx.blog.BlogApplicationTests@f1d1463, testMethod = finone@BlogApplicationTests, testException = [null], mergedContextConfiguration = [WebMergedContextConfiguration@47ef5a33 testClass = BlogApplicationTests, locations = '{}', classes = '{class com.jzx.blog.BlogApplication, class com.jzx.blog.BlogApplication}', contextInitializerClasses = '[]', activeProfiles = '{}', propertySourceLocations = '{}', propertySourceProperties = '{org.springframework.boot.test.context.SpringBootTestContextBootstrapper=true}', contextCustomizers = set[org.springframework.boot.test.context.filter.ExcludeFilterContextCustomizer@7d20d0b, org.springframework.boot.test.json.DuplicateJsonObjectContextCustomizerFactory$DuplicateJsonObjectContextCustomizer@6c40365c, org.springframework.boot.test.mock.mockito.MockitoContextCustomizer@0, org.springframework.boot.test.web.client.TestRestTemplateContextCustomizer@3c3d9b6b, org.springframework.boot.test.autoconfigure.properties.PropertyMappingContextCustomizer@0, org.springframework.boot.test.autoconfigure.web.servlet.WebDriverContextCustomizerFactory$Customizer@1e178745], resourceBasePath = 'src/main/webapp', contextLoader = 'org.springframework.boot.test.context.SpringBootContextLoader', parent = [null]], attributes = map['org.springframework.test.context.web.ServletTestExecutionListener.activateListener' -> true, 'org.springframework.test.context.web.ServletTestExecutionListener.populatedRequestContextHolder' -> true, 'org.springframework.test.context.web.ServletTestExecutionListener.resetRequestContextHolder' -> true]]; transaction manager [org.springframework.orm.jpa.JpaTransactionManager@4ecd8ab1]; rollback [true]
2020-11-14 21:39:21.114 [main] DEBUG org.hibernate.SQL - select article0_.aid as aid1_0_0_, article0_.acontent as acontent2_0_0_, article0_.aname as aname3_0_0_, article0_.artime as artime4_0_0_ from b_article article0_ where article0_.aid=?
Hibernate: select article0_.aid as aid1_0_0_, article0_.acontent as acontent2_0_0_, article0_.aname as aname3_0_0_, article0_.artime as artime4_0_0_ from b_article article0_ where article0_.aid=?
2020-11-14 21:39:21.117 [main] TRACE type.descriptor.sql.BasicBinder - binding parameter [1] as [BIGINT] - [1]
2020-11-14 21:39:21.126 [main] INFO  test.context.transaction.TransactionContext - Rolled back transaction for test: [DefaultTestContext@42401b81 testClass = BlogApplicationTests, testInstance = com.jzx.blog.BlogApplicationTests@f1d1463, testMethod = finone@BlogApplicationTests, testException = javax.persistence.EntityNotFoundException: Unable to find com.jzx.blog.domain.Article with id 1, mergedContextConfiguration = [WebMergedContextConfiguration@47ef5a33 testClass = BlogApplicationTests, locations = '{}', classes = '{class com.jzx.blog.BlogApplication, class com.jzx.blog.BlogApplication}', contextInitializerClasses = '[]', activeProfiles = '{}', propertySourceLocations = '{}', propertySourceProperties = '{org.springframework.boot.test.context.SpringBootTestContextBootstrapper=true}', contextCustomizers = set[org.springframework.boot.test.context.filter.ExcludeFilterContextCustomizer@7d20d0b, org.springframework.boot.test.json.DuplicateJsonObjectContextCustomizerFactory$DuplicateJsonObjectContextCustomizer@6c40365c, org.springframework.boot.test.mock.mockito.MockitoContextCustomizer@0, org.springframework.boot.test.web.client.TestRestTemplateContextCustomizer@3c3d9b6b, org.springframework.boot.test.autoconfigure.properties.PropertyMappingContextCustomizer@0, org.springframework.boot.test.autoconfigure.web.servlet.WebDriverContextCustomizerFactory$Customizer@1e178745], resourceBasePath = 'src/main/webapp', contextLoader = 'org.springframework.boot.test.context.SpringBootContextLoader', parent = [null]], attributes = map['org.springframework.test.context.web.ServletTestExecutionListener.activateListener' -> true, 'org.springframework.test.context.web.ServletTestExecutionListener.populatedRequestContextHolder' -> true, 'org.springframework.test.context.web.ServletTestExecutionListener.resetRequestContextHolder' -> true]]
]]></system-out>
  </testcase>
  <testcase name="getAll" classname="com.jzx.blog.BlogApplicationTests" time="0.019"/>
  <testcase name="save" classname="com.jzx.blog.BlogApplicationTests" time="0.065"/>
  <testcase name="test" classname="com.jzx.blog.BlogApplicationTests" time="0.022"/>
  <testcase name="test1" classname="com.jzx.blog.BlogApplicationTests" time="0.014"/>
  <testcase name="test3" classname="com.jzx.blog.BlogApplicationTests" time="0.019">
    <error message="No property aid found for type Article! Did you mean &apos;AId&apos;?" type="org.springframework.data.mapping.PropertyReferenceException">org.springframework.data.mapping.PropertyReferenceException: No property aid found for type Article! Did you mean 'AId'?
	at com.jzx.blog.BlogApplicationTests.test3(BlogApplicationTests.java:322)
</error>
  </testcase>
  <testcase name="deleteCheckArtListIn" classname="com.jzx.blog.BlogApplicationTests" time="0.021"/>
  <testcase name="finByAName" classname="com.jzx.blog.BlogApplicationTests" time="0.007"/>
  <testcase name="updArticle" classname="com.jzx.blog.BlogApplicationTests" time="0.018"/>
  <testcase name="testGetOne" classname="com.jzx.blog.BlogApplicationTests" time="0.01">
    <error message="Unable to find com.jzx.blog.domain.Article with id 2" type="javax.persistence.EntityNotFoundException">javax.persistence.EntityNotFoundException: Unable to find com.jzx.blog.domain.Article with id 2
	at com.jzx.blog.BlogApplicationTests.testGetOne(BlogApplicationTests.java:165)
</error>
    <system-out><![CDATA[2020-11-14 21:39:21.337 [main] INFO  test.context.transaction.TransactionContext - Began transaction (1) for test context [DefaultTestContext@42401b81 testClass = BlogApplicationTests, testInstance = com.jzx.blog.BlogApplicationTests@336d28a1, testMethod = testGetOne@BlogApplicationTests, testException = [null], mergedContextConfiguration = [WebMergedContextConfiguration@47ef5a33 testClass = BlogApplicationTests, locations = '{}', classes = '{class com.jzx.blog.BlogApplication, class com.jzx.blog.BlogApplication}', contextInitializerClasses = '[]', activeProfiles = '{}', propertySourceLocations = '{}', propertySourceProperties = '{org.springframework.boot.test.context.SpringBootTestContextBootstrapper=true}', contextCustomizers = set[org.springframework.boot.test.context.filter.ExcludeFilterContextCustomizer@7d20d0b, org.springframework.boot.test.json.DuplicateJsonObjectContextCustomizerFactory$DuplicateJsonObjectContextCustomizer@6c40365c, org.springframework.boot.test.mock.mockito.MockitoContextCustomizer@0, org.springframework.boot.test.web.client.TestRestTemplateContextCustomizer@3c3d9b6b, org.springframework.boot.test.autoconfigure.properties.PropertyMappingContextCustomizer@0, org.springframework.boot.test.autoconfigure.web.servlet.WebDriverContextCustomizerFactory$Customizer@1e178745], resourceBasePath = 'src/main/webapp', contextLoader = 'org.springframework.boot.test.context.SpringBootContextLoader', parent = [null]], attributes = map['org.springframework.test.context.web.ServletTestExecutionListener.activateListener' -> true, 'org.springframework.test.context.web.ServletTestExecutionListener.populatedRequestContextHolder' -> true, 'org.springframework.test.context.web.ServletTestExecutionListener.resetRequestContextHolder' -> true]]; transaction manager [org.springframework.orm.jpa.JpaTransactionManager@4ecd8ab1]; rollback [true]
2020-11-14 21:39:21.337 [main] DEBUG org.hibernate.SQL - select article0_.aid as aid1_0_0_, article0_.acontent as acontent2_0_0_, article0_.aname as aname3_0_0_, article0_.artime as artime4_0_0_ from b_article article0_ where article0_.aid=?
Hibernate: select article0_.aid as aid1_0_0_, article0_.acontent as acontent2_0_0_, article0_.aname as aname3_0_0_, article0_.artime as artime4_0_0_ from b_article article0_ where article0_.aid=?
2020-11-14 21:39:21.343 [main] TRACE type.descriptor.sql.BasicBinder - binding parameter [1] as [BIGINT] - [2]
2020-11-14 21:39:21.347 [main] INFO  test.context.transaction.TransactionContext - Rolled back transaction for test: [DefaultTestContext@42401b81 testClass = BlogApplicationTests, testInstance = com.jzx.blog.BlogApplicationTests@336d28a1, testMethod = testGetOne@BlogApplicationTests, testException = javax.persistence.EntityNotFoundException: Unable to find com.jzx.blog.domain.Article with id 2, mergedContextConfiguration = [WebMergedContextConfiguration@47ef5a33 testClass = BlogApplicationTests, locations = '{}', classes = '{class com.jzx.blog.BlogApplication, class com.jzx.blog.BlogApplication}', contextInitializerClasses = '[]', activeProfiles = '{}', propertySourceLocations = '{}', propertySourceProperties = '{org.springframework.boot.test.context.SpringBootTestContextBootstrapper=true}', contextCustomizers = set[org.springframework.boot.test.context.filter.ExcludeFilterContextCustomizer@7d20d0b, org.springframework.boot.test.json.DuplicateJsonObjectContextCustomizerFactory$DuplicateJsonObjectContextCustomizer@6c40365c, org.springframework.boot.test.mock.mockito.MockitoContextCustomizer@0, org.springframework.boot.test.web.client.TestRestTemplateContextCustomizer@3c3d9b6b, org.springframework.boot.test.autoconfigure.properties.PropertyMappingContextCustomizer@0, org.springframework.boot.test.autoconfigure.web.servlet.WebDriverContextCustomizerFactory$Customizer@1e178745], resourceBasePath = 'src/main/webapp', contextLoader = 'org.springframework.boot.test.context.SpringBootContextLoader', parent = [null]], attributes = map['org.springframework.test.context.web.ServletTestExecutionListener.activateListener' -> true, 'org.springframework.test.context.web.ServletTestExecutionListener.populatedRequestContextHolder' -> true, 'org.springframework.test.context.web.ServletTestExecutionListener.resetRequestContextHolder' -> true]]
]]></system-out>
  </testcase>
  <testcase name="getCount" classname="com.jzx.blog.BlogApplicationTests" time="0.01"/>
</testsuite>